<?xml version="1.0" encoding="UTF-8"?>
<testng-results ignored="0" total="1" passed="1" failed="0" skipped="0">
  <reporter-output>
  </reporter-output>
  <suite started-at="2026-07-28T15:44:08 PKT" name="Default suite" finished-at="2026-07-28T15:46:34 PKT" duration-ms="146266">
    <groups>
    </groups>
    <test started-at="2026-07-28T15:44:08 PKT" name="Default test" finished-at="2026-07-28T15:46:34 PKT" duration-ms="146266">
      <class name="pages.Semi_tpc">
        <test-method is-config="true" signature="setup()[pri:0, instance:pages.Semi_tpc@1b7cc17c]" started-at="2026-07-28T15:44:08 PKT" name="setup" finished-at="2026-07-28T15:44:18 PKT" duration-ms="10275" status="PASS">
          <reporter-output>
          </reporter-output>
        </test-method> <!-- setup -->
        <test-method signature="SPCCreation()[pri:0, instance:pages.Semi_tpc@1b7cc17c]" started-at="2026-07-28T15:44:18 PKT" name="SPCCreation" finished-at="2026-07-28T15:46:33 PKT" duration-ms="134907" status="PASS">
          <reporter-output>
          </reporter-output>
        </test-method> <!-- SPCCreation -->
        <test-method is-config="true" signature="tearDown()[pri:0, instance:pages.Semi_tpc@1b7cc17c]" started-at="2026-07-28T15:46:33 PKT" name="tearDown" finished-at="2026-07-28T15:46:34 PKT" duration-ms="1032" status="PASS">
          <reporter-output>
          </reporter-output>
        </test-method> <!-- tearDown -->
      </class> <!-- pages.Semi_tpc -->
    </test> <!-- Default test -->
  </suite> <!-- Default suite -->
</testng-results>
