<?xml version="1.0" encoding="UTF-8"?>
<!-- Generated by org.testng.reporters.JUnitReportReporter -->
<testsuite hostname="11C-315" failures="0" tests="1" name="pages.Serving_Token2" time="10.313" errors="1" timestamp="2026-06-30T13:15:28 PKT" skipped="0">
  <testcase classname="pages.Serving_Token2" name="servingTokenTest" time="10.313">
    <error message="Error {
  message=&#039;Target page, context or browser has been closed
  name=&#039;TargetClosedError
  stack=&#039;TargetClosedError:Target page, context or browser has been closed
Error
    at captureRawStack (C:\Users\qaruj\AppData\Local\Temp\playwright-java-6611546766612927222\package\lib\utils\isomorphic\stackTrace.js:32:17)
    at LongStandingScope._race (C:\Users\qaruj\AppData\Local\Temp\playwright-java-6611546766612927222\package\lib\utils\isomorphic\manualPromise.js:87:58)
    at LongStandingScope.race (C:\Users\qaruj\AppData\Local\Temp\playwright-java-6611546766612927222\package\lib\utils\isomorphic\manualPromise.js:80:17)
    at C:\Users\qaruj\AppData\Local\Temp\playwright-java-6611546766612927222\package\lib\utils\isomorphic\manualPromise.js:77:45
    at Array.map (&lt;anonymous&gt;)
    at LongStandingScope.raceMultiple (C:\Users\qaruj\AppData\Local\Temp\playwright-java-6611546766612927222\package\lib\utils\isomorphic\manualPromise.js:77:32)
    at Frame.raceNavigationAction (C:\Users\qaruj\AppData\Local\Temp\playwright-java-6611546766612927222\package\lib\server\frames.js:481:43)
    at Frame.goto (C:\Users\qaruj\AppData\Local\Temp\playwright-java-6611546766612927222\package\lib\server\frames.js:506:17)
    at FrameDispatcher.goto (C:\Users\qaruj\AppData\Local\Temp\playwright-java-6611546766612927222\package\lib\server\dispatchers\frameDispatcher.js:70:132)
    at C:\Users\qaruj\AppData\Local\Temp\playwright-java-6611546766612927222\package\lib\server\dispatchers\dispatcher.js:91:61
    at ProgressController.run (C:\Users\qaruj\AppData\Local\Temp\playwright-java-6611546766612927222\package\lib\server\progress.js:98:28)
    at FrameDispatcher._runCommand (C:\Users\qaruj\AppData\Local\Temp\playwright-java-6611546766612927222\package\lib\server\dispatchers\dispatcher.js:91:31)
    at DispatcherConnection.dispatch (C:\Users\qaruj\AppData\Local\Temp\playwright-java-6611546766612927222\package\lib\server\dispatchers\dispatcher.js:325:39)
}
Call log:
-   - navigating to &quot;https://qa-lrmispulse.lmkr.com/authentication&quot;, waiting until &quot;load&quot;
" type="com.microsoft.playwright.impl.TargetClosedError">
      <![CDATA[com.microsoft.playwright.impl.TargetClosedError: Error {
  message='Target page, context or browser has been closed
  name='TargetClosedError
  stack='TargetClosedError:Target page, context or browser has been closed
Error
    at captureRawStack (C:\Users\qaruj\AppData\Local\Temp\playwright-java-6611546766612927222\package\lib\utils\isomorphic\stackTrace.js:32:17)
    at LongStandingScope._race (C:\Users\qaruj\AppData\Local\Temp\playwright-java-6611546766612927222\package\lib\utils\isomorphic\manualPromise.js:87:58)
    at LongStandingScope.race (C:\Users\qaruj\AppData\Local\Temp\playwright-java-6611546766612927222\package\lib\utils\isomorphic\manualPromise.js:80:17)
    at C:\Users\qaruj\AppData\Local\Temp\playwright-java-6611546766612927222\package\lib\utils\isomorphic\manualPromise.js:77:45
    at Array.map (<anonymous>)
    at LongStandingScope.raceMultiple (C:\Users\qaruj\AppData\Local\Temp\playwright-java-6611546766612927222\package\lib\utils\isomorphic\manualPromise.js:77:32)
    at Frame.raceNavigationAction (C:\Users\qaruj\AppData\Local\Temp\playwright-java-6611546766612927222\package\lib\server\frames.js:481:43)
    at Frame.goto (C:\Users\qaruj\AppData\Local\Temp\playwright-java-6611546766612927222\package\lib\server\frames.js:506:17)
    at FrameDispatcher.goto (C:\Users\qaruj\AppData\Local\Temp\playwright-java-6611546766612927222\package\lib\server\dispatchers\frameDispatcher.js:70:132)
    at C:\Users\qaruj\AppData\Local\Temp\playwright-java-6611546766612927222\package\lib\server\dispatchers\dispatcher.js:91:61
    at ProgressController.run (C:\Users\qaruj\AppData\Local\Temp\playwright-java-6611546766612927222\package\lib\server\progress.js:98:28)
    at FrameDispatcher._runCommand (C:\Users\qaruj\AppData\Local\Temp\playwright-java-6611546766612927222\package\lib\server\dispatchers\dispatcher.js:91:31)
    at DispatcherConnection.dispatch (C:\Users\qaruj\AppData\Local\Temp\playwright-java-6611546766612927222\package\lib\server\dispatchers\dispatcher.js:325:39)
}
Call log:
-   - navigating to "https://qa-lrmispulse.lmkr.com/authentication", waiting until "load"

at com.microsoft.playwright.impl.WaitableResult.get(WaitableResult.java:54)
at com.microsoft.playwright.impl.ChannelOwner.runUntil(ChannelOwner.java:138)
at com.microsoft.playwright.impl.Connection.sendMessage(Connection.java:131)
at com.microsoft.playwright.impl.ChannelOwner.sendMessage(ChannelOwner.java:124)
at com.microsoft.playwright.impl.FrameImpl.navigateImpl(FrameImpl.java:429)
at com.microsoft.playwright.impl.PageImpl.navigate(PageImpl.java:929)
at com.microsoft.playwright.impl.PageImpl.navigate(PageImpl.java:43)
at com.microsoft.playwright.Page.navigate(Page.java:5504)
at pages.login_bypass.loginMethod(login_bypass.java:39)
at pages.User_Registration.userRegistrationScreenTest(User_Registration.java:23)
at pages.Serving_Token2.servingToken2(Serving_Token2.java:25)
at pages.Serving_Token2.servingTokenTest(Serving_Token2.java:71)
at java.base/jdk.internal.reflect.DirectMethodHandleAccessor.invoke(DirectMethodHandleAccessor.java:103)
at java.base/java.lang.reflect.Method.invoke(Method.java:580)
at org.testng.internal.invokers.MethodInvocationHelper.invokeMethod(MethodInvocationHelper.java:141)
at org.testng.internal.invokers.TestInvoker.invokeMethod(TestInvoker.java:697)
at org.testng.internal.invokers.TestInvoker.invokeTestMethod(TestInvoker.java:230)
at org.testng.internal.invokers.MethodRunner.runInSequence(MethodRunner.java:63)
at org.testng.internal.invokers.TestInvoker$MethodInvocationAgent.invoke(TestInvoker.java:1005)
at org.testng.internal.invokers.TestInvoker.invokeTestMethods(TestInvoker.java:203)
at org.testng.internal.invokers.TestMethodWorker.invokeTestMethods(TestMethodWorker.java:154)
at org.testng.internal.invokers.TestMethodWorker.run(TestMethodWorker.java:134)
at java.base/java.util.ArrayList.forEach(ArrayList.java:1596)
at org.testng.TestRunner.privateRun(TestRunner.java:744)
at org.testng.TestRunner.run(TestRunner.java:616)
at org.testng.SuiteRunner.runTest(SuiteRunner.java:421)
at org.testng.SuiteRunner.runSequentially(SuiteRunner.java:413)
at org.testng.SuiteRunner.privateRun(SuiteRunner.java:373)
at org.testng.SuiteRunner.run(SuiteRunner.java:312)
at org.testng.SuiteRunnerWorker.runSuite(SuiteRunnerWorker.java:52)
at org.testng.SuiteRunnerWorker.run(SuiteRunnerWorker.java:95)
at org.testng.TestNG.runSuitesSequentially(TestNG.java:1274)
at org.testng.TestNG.runSuitesLocally(TestNG.java:1208)
at org.testng.TestNG.runSuites(TestNG.java:1112)
at org.testng.TestNG.run(TestNG.java:1079)
at org.testng.remote.AbstractRemoteTestNG.run(AbstractRemoteTestNG.java:115)
at org.testng.remote.RemoteTestNG.initAndRun(RemoteTestNG.java:293)
at org.testng.remote.RemoteTestNG.main(RemoteTestNG.java:91)
Caused by: com.microsoft.playwright.impl.TargetClosedError: Error {
  message='Target page, context or browser has been closed
  name='TargetClosedError
  stack='TargetClosedError:Target page, context or browser has been closed
Error
    at captureRawStack (C:\Users\qaruj\AppData\Local\Temp\playwright-java-6611546766612927222\package\lib\utils\isomorphic\stackTrace.js:32:17)
    at LongStandingScope._race (C:\Users\qaruj\AppData\Local\Temp\playwright-java-6611546766612927222\package\lib\utils\isomorphic\manualPromise.js:87:58)
    at LongStandingScope.race (C:\Users\qaruj\AppData\Local\Temp\playwright-java-6611546766612927222\package\lib\utils\isomorphic\manualPromise.js:80:17)
    at C:\Users\qaruj\AppData\Local\Temp\playwright-java-6611546766612927222\package\lib\utils\isomorphic\manualPromise.js:77:45
    at Array.map (<anonymous>)
    at LongStandingScope.raceMultiple (C:\Users\qaruj\AppData\Local\Temp\playwright-java-6611546766612927222\package\lib\utils\isomorphic\manualPromise.js:77:32)
    at Frame.raceNavigationAction (C:\Users\qaruj\AppData\Local\Temp\playwright-java-6611546766612927222\package\lib\server\frames.js:481:43)
    at Frame.goto (C:\Users\qaruj\AppData\Local\Temp\playwright-java-6611546766612927222\package\lib\server\frames.js:506:17)
    at FrameDispatcher.goto (C:\Users\qaruj\AppData\Local\Temp\playwright-java-6611546766612927222\package\lib\server\dispatchers\frameDispatcher.js:70:132)
    at C:\Users\qaruj\AppData\Local\Temp\playwright-java-6611546766612927222\package\lib\server\dispatchers\dispatcher.js:91:61
    at ProgressController.run (C:\Users\qaruj\AppData\Local\Temp\playwright-java-6611546766612927222\package\lib\server\progress.js:98:28)
    at FrameDispatcher._runCommand (C:\Users\qaruj\AppData\Local\Temp\playwright-java-6611546766612927222\package\lib\server\dispatchers\dispatcher.js:91:31)
    at DispatcherConnection.dispatch (C:\Users\qaruj\AppData\Local\Temp\playwright-java-6611546766612927222\package\lib\server\dispatchers\dispatcher.js:325:39)
}
Call log:
-   - navigating to "https://qa-lrmispulse.lmkr.com/authentication", waiting until "load"

at com.microsoft.playwright.impl.Connection.dispatch(Connection.java:259)
at com.microsoft.playwright.impl.Connection.processOneMessage(Connection.java:214)
at com.microsoft.playwright.impl.ChannelOwner.runUntil(ChannelOwner.java:136)
... 36 more
]]>
    </error>
  </testcase> <!-- servingTokenTest -->
</testsuite> <!-- pages.Serving_Token2 -->
