<?xml version="1.0" encoding="UTF-8"?>
<!-- Generated by org.testng.reporters.JUnitReportReporter -->
<testsuite hostname="11C-315" failures="0" tests="1" name="pages.NPC_creation" time="82.076" errors="1" timestamp="2026-07-24T10:01:27 PKT" skipped="0">
  <testcase classname="pages.NPC_creation" name="NPCCreation" time="82.076">
    <error message="Error {
  message=&#039;Target page, context or browser has been closed
  name=&#039;TargetClosedError
  stack=&#039;TargetClosedError: Target page, context or browser has been closed
    at PageDispatcher._dispose (C:\Users\qaruj\AppData\Local\Temp\playwright-java-10218161326002224879\package\lib\server\dispatchers\dispatcher.js:105:30)
    at Page.&lt;anonymous&gt; (C:\Users\qaruj\AppData\Local\Temp\playwright-java-10218161326002224879\package\lib\server\dispatchers\pageDispatcher.js:72:12)
    at Page.emit (node:events:508:28)
    at Page._didClose (C:\Users\qaruj\AppData\Local\Temp\playwright-java-10218161326002224879\package\lib\server\page.js:165:10)
    at CRPage.didClose (C:\Users\qaruj\AppData\Local\Temp\playwright-java-10218161326002224879\package\lib\server\chromium\crPage.js:126:16)
    at CRBrowser._onDetachedFromTarget (C:\Users\qaruj\AppData\Local\Temp\playwright-java-10218161326002224879\package\lib\server\chromium\crBrowser.js:184:14)
    at CRSession.emit (node:events:508:28)
    at C:\Users\qaruj\AppData\Local\Temp\playwright-java-10218161326002224879\package\lib\server\chromium\crConnection.js:133:14
}" type="com.microsoft.playwright.impl.TargetClosedError">
      <![CDATA[com.microsoft.playwright.impl.TargetClosedError: Error {
  message='Target page, context or browser has been closed
  name='TargetClosedError
  stack='TargetClosedError: Target page, context or browser has been closed
    at PageDispatcher._dispose (C:\Users\qaruj\AppData\Local\Temp\playwright-java-10218161326002224879\package\lib\server\dispatchers\dispatcher.js:105:30)
    at Page.<anonymous> (C:\Users\qaruj\AppData\Local\Temp\playwright-java-10218161326002224879\package\lib\server\dispatchers\pageDispatcher.js:72:12)
    at Page.emit (node:events:508:28)
    at Page._didClose (C:\Users\qaruj\AppData\Local\Temp\playwright-java-10218161326002224879\package\lib\server\page.js:165:10)
    at CRPage.didClose (C:\Users\qaruj\AppData\Local\Temp\playwright-java-10218161326002224879\package\lib\server\chromium\crPage.js:126:16)
    at CRBrowser._onDetachedFromTarget (C:\Users\qaruj\AppData\Local\Temp\playwright-java-10218161326002224879\package\lib\server\chromium\crBrowser.js:184:14)
    at CRSession.emit (node:events:508:28)
    at C:\Users\qaruj\AppData\Local\Temp\playwright-java-10218161326002224879\package\lib\server\chromium\crConnection.js:133:14
}
at com.microsoft.playwright.impl.WaitableResult.get(WaitableResult.java:54)
at com.microsoft.playwright.impl.ChannelOwner.runUntil(ChannelOwner.java:138)
at com.microsoft.playwright.impl.Connection.sendMessage(Connection.java:131)
at com.microsoft.playwright.impl.ChannelOwner.sendMessage(ChannelOwner.java:124)
at com.microsoft.playwright.impl.FrameImpl.waitForTimeout(FrameImpl.java:1010)
at com.microsoft.playwright.impl.PageImpl.waitForTimeout(PageImpl.java:1563)
at pages.NPC_creation.NPCCreation(NPC_creation.java:95)
at java.base/jdk.internal.reflect.DirectMethodHandleAccessor.invoke(DirectMethodHandleAccessor.java:103)
at java.base/java.lang.reflect.Method.invoke(Method.java:580)
at org.testng.internal.invokers.MethodInvocationHelper.invokeMethod(MethodInvocationHelper.java:141)
at org.testng.internal.invokers.TestInvoker.invokeMethod(TestInvoker.java:697)
at org.testng.internal.invokers.TestInvoker.invokeTestMethod(TestInvoker.java:230)
at org.testng.internal.invokers.MethodRunner.runInSequence(MethodRunner.java:63)
at org.testng.internal.invokers.TestInvoker$MethodInvocationAgent.invoke(TestInvoker.java:1005)
at org.testng.internal.invokers.TestInvoker.invokeTestMethods(TestInvoker.java:203)
at org.testng.internal.invokers.TestMethodWorker.invokeTestMethods(TestMethodWorker.java:154)
at org.testng.internal.invokers.TestMethodWorker.run(TestMethodWorker.java:134)
at java.base/java.util.ArrayList.forEach(ArrayList.java:1596)
at org.testng.TestRunner.privateRun(TestRunner.java:744)
at org.testng.TestRunner.run(TestRunner.java:616)
at org.testng.SuiteRunner.runTest(SuiteRunner.java:421)
at org.testng.SuiteRunner.runSequentially(SuiteRunner.java:413)
at org.testng.SuiteRunner.privateRun(SuiteRunner.java:373)
at org.testng.SuiteRunner.run(SuiteRunner.java:312)
at org.testng.SuiteRunnerWorker.runSuite(SuiteRunnerWorker.java:52)
at org.testng.SuiteRunnerWorker.run(SuiteRunnerWorker.java:95)
at org.testng.TestNG.runSuitesSequentially(TestNG.java:1274)
at org.testng.TestNG.runSuitesLocally(TestNG.java:1208)
at org.testng.TestNG.runSuites(TestNG.java:1112)
at org.testng.TestNG.run(TestNG.java:1079)
at org.testng.remote.AbstractRemoteTestNG.run(AbstractRemoteTestNG.java:115)
at org.testng.remote.RemoteTestNG.initAndRun(RemoteTestNG.java:293)
at org.testng.remote.RemoteTestNG.main(RemoteTestNG.java:91)
Caused by: com.microsoft.playwright.impl.TargetClosedError: Error {
  message='Target page, context or browser has been closed
  name='TargetClosedError
  stack='TargetClosedError: Target page, context or browser has been closed
    at PageDispatcher._dispose (C:\Users\qaruj\AppData\Local\Temp\playwright-java-10218161326002224879\package\lib\server\dispatchers\dispatcher.js:105:30)
    at Page.<anonymous> (C:\Users\qaruj\AppData\Local\Temp\playwright-java-10218161326002224879\package\lib\server\dispatchers\pageDispatcher.js:72:12)
    at Page.emit (node:events:508:28)
    at Page._didClose (C:\Users\qaruj\AppData\Local\Temp\playwright-java-10218161326002224879\package\lib\server\page.js:165:10)
    at CRPage.didClose (C:\Users\qaruj\AppData\Local\Temp\playwright-java-10218161326002224879\package\lib\server\chromium\crPage.js:126:16)
    at CRBrowser._onDetachedFromTarget (C:\Users\qaruj\AppData\Local\Temp\playwright-java-10218161326002224879\package\lib\server\chromium\crBrowser.js:184:14)
    at CRSession.emit (node:events:508:28)
    at C:\Users\qaruj\AppData\Local\Temp\playwright-java-10218161326002224879\package\lib\server\chromium\crConnection.js:133:14
}
at com.microsoft.playwright.impl.Connection.dispatch(Connection.java:259)
at com.microsoft.playwright.impl.Connection.processOneMessage(Connection.java:214)
at com.microsoft.playwright.impl.ChannelOwner.runUntil(ChannelOwner.java:136)
... 31 more
]]>
    </error>
  </testcase> <!-- NPCCreation -->
</testsuite> <!-- pages.NPC_creation -->
