<?xml version="1.0" encoding="UTF-8"?>
<!-- Generated by org.testng.reporters.JUnitReportReporter -->
<testsuite hostname="11C-315" failures="0" tests="4" name="pages.LoginPage" time="71.855" errors="4" timestamp="2026-06-30T13:09:47 PKT" skipped="0">
  <testcase classname="pages.LoginPage" name="loginTest" time="43.938">
    <error message="Error {
  message=&#039;Timeout 30000ms exceeded.
  name=&#039;TimeoutError
  stack=&#039;TimeoutError: Timeout 30000ms exceeded.
    at ProgressController.run (C:\Users\qaruj\AppData\Local\Temp\playwright-java-13592343644406037540\package\lib\server\progress.js:86:28)
    at FrameDispatcher._runCommand (C:\Users\qaruj\AppData\Local\Temp\playwright-java-13592343644406037540\package\lib\server\dispatchers\dispatcher.js:91:31)
    at DispatcherConnection.dispatch (C:\Users\qaruj\AppData\Local\Temp\playwright-java-13592343644406037540\package\lib\server\dispatchers\dispatcher.js:325:39)
}
Call log:
-   - waiting for locator(&quot;input[placeholder=&#039;Enter your password&#039;]&quot;) to be visible
" type="com.microsoft.playwright.TimeoutError">
      <![CDATA[com.microsoft.playwright.TimeoutError: Error {
  message='Timeout 30000ms exceeded.
  name='TimeoutError
  stack='TimeoutError: Timeout 30000ms exceeded.
    at ProgressController.run (C:\Users\qaruj\AppData\Local\Temp\playwright-java-13592343644406037540\package\lib\server\progress.js:86:28)
    at FrameDispatcher._runCommand (C:\Users\qaruj\AppData\Local\Temp\playwright-java-13592343644406037540\package\lib\server\dispatchers\dispatcher.js:91:31)
    at DispatcherConnection.dispatch (C:\Users\qaruj\AppData\Local\Temp\playwright-java-13592343644406037540\package\lib\server\dispatchers\dispatcher.js:325:39)
}
Call log:
-   - waiting for locator("input[placeholder='Enter your password']") to be visible

at com.microsoft.playwright.impl.WaitableResult.get(WaitableResult.java:52)
at com.microsoft.playwright.impl.ChannelOwner.runUntil(ChannelOwner.java:138)
at com.microsoft.playwright.impl.Connection.sendMessage(Connection.java:131)
at com.microsoft.playwright.impl.ChannelOwner.sendMessage(ChannelOwner.java:124)
at com.microsoft.playwright.impl.FrameImpl.waitForSelectorImpl(FrameImpl.java:998)
at com.microsoft.playwright.impl.LocatorImpl.waitFor(LocatorImpl.java:646)
at pages.LoginPage.loginTest(LoginPage.java:40)
at java.base/jdk.internal.reflect.DirectMethodHandleAccessor.invoke(DirectMethodHandleAccessor.java:103)
at java.base/java.lang.reflect.Method.invoke(Method.java:580)
at org.testng.internal.invokers.MethodInvocationHelper.invokeMethod(MethodInvocationHelper.java:141)
at org.testng.internal.invokers.TestInvoker.invokeMethod(TestInvoker.java:697)
at org.testng.internal.invokers.TestInvoker.invokeTestMethod(TestInvoker.java:230)
at org.testng.internal.invokers.MethodRunner.runInSequence(MethodRunner.java:63)
at org.testng.internal.invokers.TestInvoker$MethodInvocationAgent.invoke(TestInvoker.java:1005)
at org.testng.internal.invokers.TestInvoker.invokeTestMethods(TestInvoker.java:203)
at org.testng.internal.invokers.TestMethodWorker.invokeTestMethods(TestMethodWorker.java:154)
at org.testng.internal.invokers.TestMethodWorker.run(TestMethodWorker.java:134)
at java.base/java.util.ArrayList.forEach(ArrayList.java:1596)
at org.testng.TestRunner.privateRun(TestRunner.java:744)
at org.testng.TestRunner.run(TestRunner.java:616)
at org.testng.SuiteRunner.runTest(SuiteRunner.java:421)
at org.testng.SuiteRunner.runSequentially(SuiteRunner.java:413)
at org.testng.SuiteRunner.privateRun(SuiteRunner.java:373)
at org.testng.SuiteRunner.run(SuiteRunner.java:312)
at org.testng.SuiteRunnerWorker.runSuite(SuiteRunnerWorker.java:52)
at org.testng.SuiteRunnerWorker.run(SuiteRunnerWorker.java:95)
at org.testng.TestNG.runSuitesSequentially(TestNG.java:1274)
at org.testng.TestNG.runSuitesLocally(TestNG.java:1208)
at org.testng.TestNG.runSuites(TestNG.java:1112)
at org.testng.TestNG.run(TestNG.java:1079)
at org.testng.remote.AbstractRemoteTestNG.run(AbstractRemoteTestNG.java:115)
at org.testng.remote.RemoteTestNG.initAndRun(RemoteTestNG.java:293)
at org.testng.remote.RemoteTestNG.main(RemoteTestNG.java:91)
Caused by: com.microsoft.playwright.TimeoutError: Error {
  message='Timeout 30000ms exceeded.
  name='TimeoutError
  stack='TimeoutError: Timeout 30000ms exceeded.
    at ProgressController.run (C:\Users\qaruj\AppData\Local\Temp\playwright-java-13592343644406037540\package\lib\server\progress.js:86:28)
    at FrameDispatcher._runCommand (C:\Users\qaruj\AppData\Local\Temp\playwright-java-13592343644406037540\package\lib\server\dispatchers\dispatcher.js:91:31)
    at DispatcherConnection.dispatch (C:\Users\qaruj\AppData\Local\Temp\playwright-java-13592343644406037540\package\lib\server\dispatchers\dispatcher.js:325:39)
}
Call log:
-   - waiting for locator("input[placeholder='Enter your password']") to be visible

at com.microsoft.playwright.impl.Connection.dispatch(Connection.java:257)
at com.microsoft.playwright.impl.Connection.processOneMessage(Connection.java:214)
at com.microsoft.playwright.impl.ChannelOwner.runUntil(ChannelOwner.java:136)
... 31 more
]]>
    </error>
  </testcase> <!-- loginTest -->
  <testcase classname="pages.LoginPage" name="loginTest" time="4.156">
    <error message="Error {
  message=&#039;Target page, context or browser has been closed
  name=&#039;TargetClosedError
  stack=&#039;TargetClosedError:Target page, context or browser has been closed
Error
    at captureRawStack (C:\Users\qaruj\AppData\Local\Temp\playwright-java-13592343644406037540\package\lib\utils\isomorphic\stackTrace.js:32:17)
    at LongStandingScope._race (C:\Users\qaruj\AppData\Local\Temp\playwright-java-13592343644406037540\package\lib\utils\isomorphic\manualPromise.js:87:58)
    at LongStandingScope.race (C:\Users\qaruj\AppData\Local\Temp\playwright-java-13592343644406037540\package\lib\utils\isomorphic\manualPromise.js:80:17)
    at C:\Users\qaruj\AppData\Local\Temp\playwright-java-13592343644406037540\package\lib\utils\isomorphic\manualPromise.js:77:45
    at Array.map (&lt;anonymous&gt;)
    at LongStandingScope.raceMultiple (C:\Users\qaruj\AppData\Local\Temp\playwright-java-13592343644406037540\package\lib\utils\isomorphic\manualPromise.js:77:32)
    at Frame.raceNavigationAction (C:\Users\qaruj\AppData\Local\Temp\playwright-java-13592343644406037540\package\lib\server\frames.js:481:43)
    at Frame.goto (C:\Users\qaruj\AppData\Local\Temp\playwright-java-13592343644406037540\package\lib\server\frames.js:506:17)
    at FrameDispatcher.goto (C:\Users\qaruj\AppData\Local\Temp\playwright-java-13592343644406037540\package\lib\server\dispatchers\frameDispatcher.js:70:132)
    at C:\Users\qaruj\AppData\Local\Temp\playwright-java-13592343644406037540\package\lib\server\dispatchers\dispatcher.js:91:61
    at ProgressController.run (C:\Users\qaruj\AppData\Local\Temp\playwright-java-13592343644406037540\package\lib\server\progress.js:98:28)
    at FrameDispatcher._runCommand (C:\Users\qaruj\AppData\Local\Temp\playwright-java-13592343644406037540\package\lib\server\dispatchers\dispatcher.js:91:31)
    at DispatcherConnection.dispatch (C:\Users\qaruj\AppData\Local\Temp\playwright-java-13592343644406037540\package\lib\server\dispatchers\dispatcher.js:325:39)
}
Call log:
-   - navigating to &quot;https://qa-lrmispulse.lmkr.com/authentication&quot;, waiting until &quot;domcontentloaded&quot;
" type="com.microsoft.playwright.impl.TargetClosedError">
      <![CDATA[com.microsoft.playwright.impl.TargetClosedError: Error {
  message='Target page, context or browser has been closed
  name='TargetClosedError
  stack='TargetClosedError:Target page, context or browser has been closed
Error
    at captureRawStack (C:\Users\qaruj\AppData\Local\Temp\playwright-java-13592343644406037540\package\lib\utils\isomorphic\stackTrace.js:32:17)
    at LongStandingScope._race (C:\Users\qaruj\AppData\Local\Temp\playwright-java-13592343644406037540\package\lib\utils\isomorphic\manualPromise.js:87:58)
    at LongStandingScope.race (C:\Users\qaruj\AppData\Local\Temp\playwright-java-13592343644406037540\package\lib\utils\isomorphic\manualPromise.js:80:17)
    at C:\Users\qaruj\AppData\Local\Temp\playwright-java-13592343644406037540\package\lib\utils\isomorphic\manualPromise.js:77:45
    at Array.map (<anonymous>)
    at LongStandingScope.raceMultiple (C:\Users\qaruj\AppData\Local\Temp\playwright-java-13592343644406037540\package\lib\utils\isomorphic\manualPromise.js:77:32)
    at Frame.raceNavigationAction (C:\Users\qaruj\AppData\Local\Temp\playwright-java-13592343644406037540\package\lib\server\frames.js:481:43)
    at Frame.goto (C:\Users\qaruj\AppData\Local\Temp\playwright-java-13592343644406037540\package\lib\server\frames.js:506:17)
    at FrameDispatcher.goto (C:\Users\qaruj\AppData\Local\Temp\playwright-java-13592343644406037540\package\lib\server\dispatchers\frameDispatcher.js:70:132)
    at C:\Users\qaruj\AppData\Local\Temp\playwright-java-13592343644406037540\package\lib\server\dispatchers\dispatcher.js:91:61
    at ProgressController.run (C:\Users\qaruj\AppData\Local\Temp\playwright-java-13592343644406037540\package\lib\server\progress.js:98:28)
    at FrameDispatcher._runCommand (C:\Users\qaruj\AppData\Local\Temp\playwright-java-13592343644406037540\package\lib\server\dispatchers\dispatcher.js:91:31)
    at DispatcherConnection.dispatch (C:\Users\qaruj\AppData\Local\Temp\playwright-java-13592343644406037540\package\lib\server\dispatchers\dispatcher.js:325:39)
}
Call log:
-   - navigating to "https://qa-lrmispulse.lmkr.com/authentication", waiting until "domcontentloaded"

at com.microsoft.playwright.impl.WaitableResult.get(WaitableResult.java:54)
at com.microsoft.playwright.impl.ChannelOwner.runUntil(ChannelOwner.java:138)
at com.microsoft.playwright.impl.Connection.sendMessage(Connection.java:131)
at com.microsoft.playwright.impl.ChannelOwner.sendMessage(ChannelOwner.java:124)
at com.microsoft.playwright.impl.FrameImpl.navigateImpl(FrameImpl.java:429)
at com.microsoft.playwright.impl.PageImpl.navigate(PageImpl.java:929)
at com.microsoft.playwright.impl.PageImpl.navigate(PageImpl.java:43)
at pages.LoginPage.loginTest(LoginPage.java:26)
at java.base/jdk.internal.reflect.DirectMethodHandleAccessor.invoke(DirectMethodHandleAccessor.java:103)
at java.base/java.lang.reflect.Method.invoke(Method.java:580)
at org.testng.internal.invokers.MethodInvocationHelper.invokeMethod(MethodInvocationHelper.java:141)
at org.testng.internal.invokers.TestInvoker.invokeMethod(TestInvoker.java:697)
at org.testng.internal.invokers.TestInvoker.invokeTestMethod(TestInvoker.java:230)
at org.testng.internal.invokers.MethodRunner.runInSequence(MethodRunner.java:63)
at org.testng.internal.invokers.TestInvoker$MethodInvocationAgent.invoke(TestInvoker.java:1005)
at org.testng.internal.invokers.TestInvoker.invokeTestMethods(TestInvoker.java:203)
at org.testng.internal.invokers.TestMethodWorker.invokeTestMethods(TestMethodWorker.java:154)
at org.testng.internal.invokers.TestMethodWorker.run(TestMethodWorker.java:134)
at java.base/java.util.ArrayList.forEach(ArrayList.java:1596)
at org.testng.TestRunner.privateRun(TestRunner.java:744)
at org.testng.TestRunner.run(TestRunner.java:616)
at org.testng.SuiteRunner.runTest(SuiteRunner.java:421)
at org.testng.SuiteRunner.runSequentially(SuiteRunner.java:413)
at org.testng.SuiteRunner.privateRun(SuiteRunner.java:373)
at org.testng.SuiteRunner.run(SuiteRunner.java:312)
at org.testng.SuiteRunnerWorker.runSuite(SuiteRunnerWorker.java:52)
at org.testng.SuiteRunnerWorker.run(SuiteRunnerWorker.java:95)
at org.testng.TestNG.runSuitesSequentially(TestNG.java:1274)
at org.testng.TestNG.runSuitesLocally(TestNG.java:1208)
at org.testng.TestNG.runSuites(TestNG.java:1112)
at org.testng.TestNG.run(TestNG.java:1079)
at org.testng.remote.AbstractRemoteTestNG.run(AbstractRemoteTestNG.java:115)
at org.testng.remote.RemoteTestNG.initAndRun(RemoteTestNG.java:293)
at org.testng.remote.RemoteTestNG.main(RemoteTestNG.java:91)
Caused by: com.microsoft.playwright.impl.TargetClosedError: Error {
  message='Target page, context or browser has been closed
  name='TargetClosedError
  stack='TargetClosedError:Target page, context or browser has been closed
Error
    at captureRawStack (C:\Users\qaruj\AppData\Local\Temp\playwright-java-13592343644406037540\package\lib\utils\isomorphic\stackTrace.js:32:17)
    at LongStandingScope._race (C:\Users\qaruj\AppData\Local\Temp\playwright-java-13592343644406037540\package\lib\utils\isomorphic\manualPromise.js:87:58)
    at LongStandingScope.race (C:\Users\qaruj\AppData\Local\Temp\playwright-java-13592343644406037540\package\lib\utils\isomorphic\manualPromise.js:80:17)
    at C:\Users\qaruj\AppData\Local\Temp\playwright-java-13592343644406037540\package\lib\utils\isomorphic\manualPromise.js:77:45
    at Array.map (<anonymous>)
    at LongStandingScope.raceMultiple (C:\Users\qaruj\AppData\Local\Temp\playwright-java-13592343644406037540\package\lib\utils\isomorphic\manualPromise.js:77:32)
    at Frame.raceNavigationAction (C:\Users\qaruj\AppData\Local\Temp\playwright-java-13592343644406037540\package\lib\server\frames.js:481:43)
    at Frame.goto (C:\Users\qaruj\AppData\Local\Temp\playwright-java-13592343644406037540\package\lib\server\frames.js:506:17)
    at FrameDispatcher.goto (C:\Users\qaruj\AppData\Local\Temp\playwright-java-13592343644406037540\package\lib\server\dispatchers\frameDispatcher.js:70:132)
    at C:\Users\qaruj\AppData\Local\Temp\playwright-java-13592343644406037540\package\lib\server\dispatchers\dispatcher.js:91:61
    at ProgressController.run (C:\Users\qaruj\AppData\Local\Temp\playwright-java-13592343644406037540\package\lib\server\progress.js:98:28)
    at FrameDispatcher._runCommand (C:\Users\qaruj\AppData\Local\Temp\playwright-java-13592343644406037540\package\lib\server\dispatchers\dispatcher.js:91:31)
    at DispatcherConnection.dispatch (C:\Users\qaruj\AppData\Local\Temp\playwright-java-13592343644406037540\package\lib\server\dispatchers\dispatcher.js:325:39)
}
Call log:
-   - navigating to "https://qa-lrmispulse.lmkr.com/authentication", waiting until "domcontentloaded"

at com.microsoft.playwright.impl.Connection.dispatch(Connection.java:259)
at com.microsoft.playwright.impl.Connection.processOneMessage(Connection.java:214)
at com.microsoft.playwright.impl.ChannelOwner.runUntil(ChannelOwner.java:136)
... 32 more
]]>
    </error>
  </testcase> <!-- loginTest -->
  <testcase classname="pages.LoginPage" name="loginTest" time="19.845">
    <error message="Error {
  message=&#039;Target page, context or browser has been closed
  name=&#039;TargetClosedError
  stack=&#039;TargetClosedError: Target page, context or browser has been closed
    at PageDispatcher._dispose (C:\Users\qaruj\AppData\Local\Temp\playwright-java-13592343644406037540\package\lib\server\dispatchers\dispatcher.js:105:30)
    at Page.&lt;anonymous&gt; (C:\Users\qaruj\AppData\Local\Temp\playwright-java-13592343644406037540\package\lib\server\dispatchers\pageDispatcher.js:72:12)
    at Page.emit (node:events:508:28)
    at Page._didClose (C:\Users\qaruj\AppData\Local\Temp\playwright-java-13592343644406037540\package\lib\server\page.js:165:10)
    at CRPage.didClose (C:\Users\qaruj\AppData\Local\Temp\playwright-java-13592343644406037540\package\lib\server\chromium\crPage.js:126:16)
    at CRBrowser._onDetachedFromTarget (C:\Users\qaruj\AppData\Local\Temp\playwright-java-13592343644406037540\package\lib\server\chromium\crBrowser.js:184:14)
    at CRSession.emit (node:events:508:28)
    at C:\Users\qaruj\AppData\Local\Temp\playwright-java-13592343644406037540\package\lib\server\chromium\crConnection.js:133:14
}
Call log:
-   - waiting for locator(&quot;input[placeholder=&#039;Enter your password&#039;]&quot;) to be visible
" type="com.microsoft.playwright.impl.TargetClosedError">
      <![CDATA[com.microsoft.playwright.impl.TargetClosedError: Error {
  message='Target page, context or browser has been closed
  name='TargetClosedError
  stack='TargetClosedError: Target page, context or browser has been closed
    at PageDispatcher._dispose (C:\Users\qaruj\AppData\Local\Temp\playwright-java-13592343644406037540\package\lib\server\dispatchers\dispatcher.js:105:30)
    at Page.<anonymous> (C:\Users\qaruj\AppData\Local\Temp\playwright-java-13592343644406037540\package\lib\server\dispatchers\pageDispatcher.js:72:12)
    at Page.emit (node:events:508:28)
    at Page._didClose (C:\Users\qaruj\AppData\Local\Temp\playwright-java-13592343644406037540\package\lib\server\page.js:165:10)
    at CRPage.didClose (C:\Users\qaruj\AppData\Local\Temp\playwright-java-13592343644406037540\package\lib\server\chromium\crPage.js:126:16)
    at CRBrowser._onDetachedFromTarget (C:\Users\qaruj\AppData\Local\Temp\playwright-java-13592343644406037540\package\lib\server\chromium\crBrowser.js:184:14)
    at CRSession.emit (node:events:508:28)
    at C:\Users\qaruj\AppData\Local\Temp\playwright-java-13592343644406037540\package\lib\server\chromium\crConnection.js:133:14
}
Call log:
-   - waiting for locator("input[placeholder='Enter your password']") to be visible

at com.microsoft.playwright.impl.WaitableResult.get(WaitableResult.java:54)
at com.microsoft.playwright.impl.ChannelOwner.runUntil(ChannelOwner.java:138)
at com.microsoft.playwright.impl.Connection.sendMessage(Connection.java:131)
at com.microsoft.playwright.impl.ChannelOwner.sendMessage(ChannelOwner.java:124)
at com.microsoft.playwright.impl.FrameImpl.waitForSelectorImpl(FrameImpl.java:998)
at com.microsoft.playwright.impl.LocatorImpl.waitFor(LocatorImpl.java:646)
at pages.LoginPage.loginTest(LoginPage.java:40)
at java.base/jdk.internal.reflect.DirectMethodHandleAccessor.invoke(DirectMethodHandleAccessor.java:103)
at java.base/java.lang.reflect.Method.invoke(Method.java:580)
at org.testng.internal.invokers.MethodInvocationHelper.invokeMethod(MethodInvocationHelper.java:141)
at org.testng.internal.invokers.TestInvoker.invokeMethod(TestInvoker.java:697)
at org.testng.internal.invokers.TestInvoker.invokeTestMethod(TestInvoker.java:230)
at org.testng.internal.invokers.MethodRunner.runInSequence(MethodRunner.java:63)
at org.testng.internal.invokers.TestInvoker$MethodInvocationAgent.invoke(TestInvoker.java:1005)
at org.testng.internal.invokers.TestInvoker.invokeTestMethods(TestInvoker.java:203)
at org.testng.internal.invokers.TestMethodWorker.invokeTestMethods(TestMethodWorker.java:154)
at org.testng.internal.invokers.TestMethodWorker.run(TestMethodWorker.java:134)
at java.base/java.util.ArrayList.forEach(ArrayList.java:1596)
at org.testng.TestRunner.privateRun(TestRunner.java:744)
at org.testng.TestRunner.run(TestRunner.java:616)
at org.testng.SuiteRunner.runTest(SuiteRunner.java:421)
at org.testng.SuiteRunner.runSequentially(SuiteRunner.java:413)
at org.testng.SuiteRunner.privateRun(SuiteRunner.java:373)
at org.testng.SuiteRunner.run(SuiteRunner.java:312)
at org.testng.SuiteRunnerWorker.runSuite(SuiteRunnerWorker.java:52)
at org.testng.SuiteRunnerWorker.run(SuiteRunnerWorker.java:95)
at org.testng.TestNG.runSuitesSequentially(TestNG.java:1274)
at org.testng.TestNG.runSuitesLocally(TestNG.java:1208)
at org.testng.TestNG.runSuites(TestNG.java:1112)
at org.testng.TestNG.run(TestNG.java:1079)
at org.testng.remote.AbstractRemoteTestNG.run(AbstractRemoteTestNG.java:115)
at org.testng.remote.RemoteTestNG.initAndRun(RemoteTestNG.java:293)
at org.testng.remote.RemoteTestNG.main(RemoteTestNG.java:91)
Caused by: com.microsoft.playwright.impl.TargetClosedError: Error {
  message='Target page, context or browser has been closed
  name='TargetClosedError
  stack='TargetClosedError: Target page, context or browser has been closed
    at PageDispatcher._dispose (C:\Users\qaruj\AppData\Local\Temp\playwright-java-13592343644406037540\package\lib\server\dispatchers\dispatcher.js:105:30)
    at Page.<anonymous> (C:\Users\qaruj\AppData\Local\Temp\playwright-java-13592343644406037540\package\lib\server\dispatchers\pageDispatcher.js:72:12)
    at Page.emit (node:events:508:28)
    at Page._didClose (C:\Users\qaruj\AppData\Local\Temp\playwright-java-13592343644406037540\package\lib\server\page.js:165:10)
    at CRPage.didClose (C:\Users\qaruj\AppData\Local\Temp\playwright-java-13592343644406037540\package\lib\server\chromium\crPage.js:126:16)
    at CRBrowser._onDetachedFromTarget (C:\Users\qaruj\AppData\Local\Temp\playwright-java-13592343644406037540\package\lib\server\chromium\crBrowser.js:184:14)
    at CRSession.emit (node:events:508:28)
    at C:\Users\qaruj\AppData\Local\Temp\playwright-java-13592343644406037540\package\lib\server\chromium\crConnection.js:133:14
}
Call log:
-   - waiting for locator("input[placeholder='Enter your password']") to be visible

at com.microsoft.playwright.impl.Connection.dispatch(Connection.java:259)
at com.microsoft.playwright.impl.Connection.processOneMessage(Connection.java:214)
at com.microsoft.playwright.impl.ChannelOwner.runUntil(ChannelOwner.java:136)
... 31 more
]]>
    </error>
  </testcase> <!-- loginTest -->
  <testcase classname="pages.LoginPage" name="loginTest" time="3.916">
    <error message="Error {
  message=&#039;Target page, context or browser has been closed
  name=&#039;TargetClosedError
  stack=&#039;TargetClosedError:Target page, context or browser has been closed
Error
    at captureRawStack (C:\Users\qaruj\AppData\Local\Temp\playwright-java-13592343644406037540\package\lib\utils\isomorphic\stackTrace.js:32:17)
    at LongStandingScope._race (C:\Users\qaruj\AppData\Local\Temp\playwright-java-13592343644406037540\package\lib\utils\isomorphic\manualPromise.js:87:58)
    at LongStandingScope.race (C:\Users\qaruj\AppData\Local\Temp\playwright-java-13592343644406037540\package\lib\utils\isomorphic\manualPromise.js:80:17)
    at C:\Users\qaruj\AppData\Local\Temp\playwright-java-13592343644406037540\package\lib\utils\isomorphic\manualPromise.js:77:45
    at Array.map (&lt;anonymous&gt;)
    at LongStandingScope.raceMultiple (C:\Users\qaruj\AppData\Local\Temp\playwright-java-13592343644406037540\package\lib\utils\isomorphic\manualPromise.js:77:32)
    at Frame.raceNavigationAction (C:\Users\qaruj\AppData\Local\Temp\playwright-java-13592343644406037540\package\lib\server\frames.js:481:43)
    at Frame.goto (C:\Users\qaruj\AppData\Local\Temp\playwright-java-13592343644406037540\package\lib\server\frames.js:506:17)
    at FrameDispatcher.goto (C:\Users\qaruj\AppData\Local\Temp\playwright-java-13592343644406037540\package\lib\server\dispatchers\frameDispatcher.js:70:132)
    at C:\Users\qaruj\AppData\Local\Temp\playwright-java-13592343644406037540\package\lib\server\dispatchers\dispatcher.js:91:61
    at ProgressController.run (C:\Users\qaruj\AppData\Local\Temp\playwright-java-13592343644406037540\package\lib\server\progress.js:98:28)
    at FrameDispatcher._runCommand (C:\Users\qaruj\AppData\Local\Temp\playwright-java-13592343644406037540\package\lib\server\dispatchers\dispatcher.js:91:31)
    at DispatcherConnection.dispatch (C:\Users\qaruj\AppData\Local\Temp\playwright-java-13592343644406037540\package\lib\server\dispatchers\dispatcher.js:325:39)
}
Call log:
-   - navigating to &quot;https://qa-lrmispulse.lmkr.com/authentication&quot;, waiting until &quot;domcontentloaded&quot;
" type="com.microsoft.playwright.impl.TargetClosedError">
      <![CDATA[com.microsoft.playwright.impl.TargetClosedError: Error {
  message='Target page, context or browser has been closed
  name='TargetClosedError
  stack='TargetClosedError:Target page, context or browser has been closed
Error
    at captureRawStack (C:\Users\qaruj\AppData\Local\Temp\playwright-java-13592343644406037540\package\lib\utils\isomorphic\stackTrace.js:32:17)
    at LongStandingScope._race (C:\Users\qaruj\AppData\Local\Temp\playwright-java-13592343644406037540\package\lib\utils\isomorphic\manualPromise.js:87:58)
    at LongStandingScope.race (C:\Users\qaruj\AppData\Local\Temp\playwright-java-13592343644406037540\package\lib\utils\isomorphic\manualPromise.js:80:17)
    at C:\Users\qaruj\AppData\Local\Temp\playwright-java-13592343644406037540\package\lib\utils\isomorphic\manualPromise.js:77:45
    at Array.map (<anonymous>)
    at LongStandingScope.raceMultiple (C:\Users\qaruj\AppData\Local\Temp\playwright-java-13592343644406037540\package\lib\utils\isomorphic\manualPromise.js:77:32)
    at Frame.raceNavigationAction (C:\Users\qaruj\AppData\Local\Temp\playwright-java-13592343644406037540\package\lib\server\frames.js:481:43)
    at Frame.goto (C:\Users\qaruj\AppData\Local\Temp\playwright-java-13592343644406037540\package\lib\server\frames.js:506:17)
    at FrameDispatcher.goto (C:\Users\qaruj\AppData\Local\Temp\playwright-java-13592343644406037540\package\lib\server\dispatchers\frameDispatcher.js:70:132)
    at C:\Users\qaruj\AppData\Local\Temp\playwright-java-13592343644406037540\package\lib\server\dispatchers\dispatcher.js:91:61
    at ProgressController.run (C:\Users\qaruj\AppData\Local\Temp\playwright-java-13592343644406037540\package\lib\server\progress.js:98:28)
    at FrameDispatcher._runCommand (C:\Users\qaruj\AppData\Local\Temp\playwright-java-13592343644406037540\package\lib\server\dispatchers\dispatcher.js:91:31)
    at DispatcherConnection.dispatch (C:\Users\qaruj\AppData\Local\Temp\playwright-java-13592343644406037540\package\lib\server\dispatchers\dispatcher.js:325:39)
}
Call log:
-   - navigating to "https://qa-lrmispulse.lmkr.com/authentication", waiting until "domcontentloaded"

at com.microsoft.playwright.impl.WaitableResult.get(WaitableResult.java:54)
at com.microsoft.playwright.impl.ChannelOwner.runUntil(ChannelOwner.java:138)
at com.microsoft.playwright.impl.Connection.sendMessage(Connection.java:131)
at com.microsoft.playwright.impl.ChannelOwner.sendMessage(ChannelOwner.java:124)
at com.microsoft.playwright.impl.FrameImpl.navigateImpl(FrameImpl.java:429)
at com.microsoft.playwright.impl.PageImpl.navigate(PageImpl.java:929)
at com.microsoft.playwright.impl.PageImpl.navigate(PageImpl.java:43)
at pages.LoginPage.loginTest(LoginPage.java:26)
at java.base/jdk.internal.reflect.DirectMethodHandleAccessor.invoke(DirectMethodHandleAccessor.java:103)
at java.base/java.lang.reflect.Method.invoke(Method.java:580)
at org.testng.internal.invokers.MethodInvocationHelper.invokeMethod(MethodInvocationHelper.java:141)
at org.testng.internal.invokers.TestInvoker.invokeMethod(TestInvoker.java:697)
at org.testng.internal.invokers.TestInvoker.invokeTestMethod(TestInvoker.java:230)
at org.testng.internal.invokers.MethodRunner.runInSequence(MethodRunner.java:63)
at org.testng.internal.invokers.TestInvoker$MethodInvocationAgent.invoke(TestInvoker.java:1005)
at org.testng.internal.invokers.TestInvoker.invokeTestMethods(TestInvoker.java:203)
at org.testng.internal.invokers.TestMethodWorker.invokeTestMethods(TestMethodWorker.java:154)
at org.testng.internal.invokers.TestMethodWorker.run(TestMethodWorker.java:134)
at java.base/java.util.ArrayList.forEach(ArrayList.java:1596)
at org.testng.TestRunner.privateRun(TestRunner.java:744)
at org.testng.TestRunner.run(TestRunner.java:616)
at org.testng.SuiteRunner.runTest(SuiteRunner.java:421)
at org.testng.SuiteRunner.runSequentially(SuiteRunner.java:413)
at org.testng.SuiteRunner.privateRun(SuiteRunner.java:373)
at org.testng.SuiteRunner.run(SuiteRunner.java:312)
at org.testng.SuiteRunnerWorker.runSuite(SuiteRunnerWorker.java:52)
at org.testng.SuiteRunnerWorker.run(SuiteRunnerWorker.java:95)
at org.testng.TestNG.runSuitesSequentially(TestNG.java:1274)
at org.testng.TestNG.runSuitesLocally(TestNG.java:1208)
at org.testng.TestNG.runSuites(TestNG.java:1112)
at org.testng.TestNG.run(TestNG.java:1079)
at org.testng.remote.AbstractRemoteTestNG.run(AbstractRemoteTestNG.java:115)
at org.testng.remote.RemoteTestNG.initAndRun(RemoteTestNG.java:293)
at org.testng.remote.RemoteTestNG.main(RemoteTestNG.java:91)
Caused by: com.microsoft.playwright.impl.TargetClosedError: Error {
  message='Target page, context or browser has been closed
  name='TargetClosedError
  stack='TargetClosedError:Target page, context or browser has been closed
Error
    at captureRawStack (C:\Users\qaruj\AppData\Local\Temp\playwright-java-13592343644406037540\package\lib\utils\isomorphic\stackTrace.js:32:17)
    at LongStandingScope._race (C:\Users\qaruj\AppData\Local\Temp\playwright-java-13592343644406037540\package\lib\utils\isomorphic\manualPromise.js:87:58)
    at LongStandingScope.race (C:\Users\qaruj\AppData\Local\Temp\playwright-java-13592343644406037540\package\lib\utils\isomorphic\manualPromise.js:80:17)
    at C:\Users\qaruj\AppData\Local\Temp\playwright-java-13592343644406037540\package\lib\utils\isomorphic\manualPromise.js:77:45
    at Array.map (<anonymous>)
    at LongStandingScope.raceMultiple (C:\Users\qaruj\AppData\Local\Temp\playwright-java-13592343644406037540\package\lib\utils\isomorphic\manualPromise.js:77:32)
    at Frame.raceNavigationAction (C:\Users\qaruj\AppData\Local\Temp\playwright-java-13592343644406037540\package\lib\server\frames.js:481:43)
    at Frame.goto (C:\Users\qaruj\AppData\Local\Temp\playwright-java-13592343644406037540\package\lib\server\frames.js:506:17)
    at FrameDispatcher.goto (C:\Users\qaruj\AppData\Local\Temp\playwright-java-13592343644406037540\package\lib\server\dispatchers\frameDispatcher.js:70:132)
    at C:\Users\qaruj\AppData\Local\Temp\playwright-java-13592343644406037540\package\lib\server\dispatchers\dispatcher.js:91:61
    at ProgressController.run (C:\Users\qaruj\AppData\Local\Temp\playwright-java-13592343644406037540\package\lib\server\progress.js:98:28)
    at FrameDispatcher._runCommand (C:\Users\qaruj\AppData\Local\Temp\playwright-java-13592343644406037540\package\lib\server\dispatchers\dispatcher.js:91:31)
    at DispatcherConnection.dispatch (C:\Users\qaruj\AppData\Local\Temp\playwright-java-13592343644406037540\package\lib\server\dispatchers\dispatcher.js:325:39)
}
Call log:
-   - navigating to "https://qa-lrmispulse.lmkr.com/authentication", waiting until "domcontentloaded"

at com.microsoft.playwright.impl.Connection.dispatch(Connection.java:259)
at com.microsoft.playwright.impl.Connection.processOneMessage(Connection.java:214)
at com.microsoft.playwright.impl.ChannelOwner.runUntil(ChannelOwner.java:136)
... 32 more
]]>
    </error>
  </testcase> <!-- loginTest -->
</testsuite> <!-- pages.LoginPage -->
